<?xml version="1.0" encoding="UTF-8"?>
<testng-results ignored="0" total="2" passed="2" failed="0" skipped="0">
  <reporter-output>
  </reporter-output>
  <suite started-at="2021-04-25T02:08:04 EDT" name="Suite" finished-at="2021-04-25T02:08:26 EDT" duration-ms="21965">
    <groups>
    </groups>
    <test started-at="2021-04-25T02:08:04 EDT" name="Test" finished-at="2021-04-25T02:08:26 EDT" duration-ms="21965">
      <class name="SocialMedia.MiniSocialMedia.TwitterTest">
        <test-method signature="Twitterlogin()[pri:0, instance:SocialMedia.MiniSocialMedia.TwitterTest@5b94b04d]" started-at="2021-04-25T02:08:21 EDT" name="Twitterlogin" finished-at="2021-04-25T02:08:26 EDT" duration-ms="5820" status="PASS">
          <reporter-output>
          </reporter-output>
        </test-method> <!-- Twitterlogin -->
      </class> <!-- SocialMedia.MiniSocialMedia.TwitterTest -->
      <class name="SocialMedia.MiniSocialMedia.fbTest">
        <test-method signature="facebookLogin()[pri:0, instance:SocialMedia.MiniSocialMedia.fbTest@4988d8b8]" started-at="2021-04-25T02:08:05 EDT" name="facebookLogin" finished-at="2021-04-25T02:08:21 EDT" duration-ms="15985" status="PASS">
          <reporter-output>
          </reporter-output>
        </test-method> <!-- facebookLogin -->
      </class> <!-- SocialMedia.MiniSocialMedia.fbTest -->
    </test> <!-- Test -->
  </suite> <!-- Suite -->
</testng-results>
