<?xml version="1.0" encoding="UTF-8"?>
<testng-results ignored="0" total="2" passed="2" failed="0" skipped="0">
  <reporter-output>
  </reporter-output>
  <suite started-at="2021-04-25T01:59:41 EDT" name="Suite" finished-at="2021-04-25T01:59:56 EDT" duration-ms="14864">
    <groups>
    </groups>
    <test started-at="2021-04-25T01:59:41 EDT" name="Test" finished-at="2021-04-25T01:59:56 EDT" duration-ms="14864">
      <class name="SocialMedia.MiniSocialMedia.TwitterTest">
        <test-method signature="Twitterlogin()[pri:0, instance:SocialMedia.MiniSocialMedia.TwitterTest@7748410a]" started-at="2021-04-25T01:59:50 EDT" name="Twitterlogin" finished-at="2021-04-25T01:59:56 EDT" duration-ms="5458" status="PASS">
          <reporter-output>
          </reporter-output>
        </test-method> <!-- Twitterlogin -->
      </class> <!-- SocialMedia.MiniSocialMedia.TwitterTest -->
      <class name="SocialMedia.MiniSocialMedia.fbTest">
        <test-method signature="facebookLogin()[pri:0, instance:SocialMedia.MiniSocialMedia.fbTest@7c83dc97]" started-at="2021-04-25T01:59:41 EDT" name="facebookLogin" finished-at="2021-04-25T01:59:50 EDT" duration-ms="9268" status="PASS">
          <reporter-output>
          </reporter-output>
        </test-method> <!-- facebookLogin -->
      </class> <!-- SocialMedia.MiniSocialMedia.fbTest -->
    </test> <!-- Test -->
  </suite> <!-- Suite -->
</testng-results>
